app/build/intermediates/manifest_merge_blame_file/release/manifest-merger-blame-release-report.txt
1<?xml version="1.0" encoding="utf-8"?>
2<manifest xmlns:android="http://schemas.android.com/apk/res/android"
3    package="com.bc.navweightwatchers"
4    android:versionCode="30"
5    android:versionName="1.30" >
6
7    <uses-sdk
7-->src/main/AndroidManifest.xml:7:5-44
8        android:maxSdkVersion="29"
8-->src/main/AndroidManifest.xml:7:15-41
9        android:minSdkVersion="14"
9-->src/main/AndroidManifest.xml:7:5-44
10        android:targetSdkVersion="30" />
10-->src/main/AndroidManifest.xml:7:5-44
11
12    <application
12-->src/main/AndroidManifest.xml:8:5-29:19
13        android:allowBackup="true"
13-->src/main/AndroidManifest.xml:9:9-35
14        android:appComponentFactory="androidx.core.app.CoreComponentFactory"
14-->[androidx.core:core:1.0.0] AndroidManifest.xml:22:18-86
15        android:icon="@drawable/ic_launcher"
15-->src/main/AndroidManifest.xml:10:9-45
16        android:label="@string/app_name"
16-->src/main/AndroidManifest.xml:11:9-41
17        android:theme="@style/AppTheme" >
17-->src/main/AndroidManifest.xml:12:9-40
18        <activity
18-->src/main/AndroidManifest.xml:14:9-23:20
19            android:name="com.bc.navweightwatchers.MainActivity"
19-->src/main/AndroidManifest.xml:15:13-65
20            android:label="@string/app_name"
20-->src/main/AndroidManifest.xml:16:13-45
21            android:screenOrientation="portrait" >
21-->src/main/AndroidManifest.xml:17:13-49
22            <intent-filter>
22-->src/main/AndroidManifest.xml:18:13-22:29
23                <action android:name="android.intent.action.MAIN" />
23-->src/main/AndroidManifest.xml:19:17-69
23-->src/main/AndroidManifest.xml:19:25-66
24
25                <category android:name="android.intent.category.LAUNCHER" />
25-->src/main/AndroidManifest.xml:21:17-77
25-->src/main/AndroidManifest.xml:21:27-74
26            </intent-filter>
27        </activity>
28        <activity android:name="com.bc.navweightwatchers.SetPrefActivity" >
28-->src/main/AndroidManifest.xml:24:9-27:20
28-->src/main/AndroidManifest.xml:25:13-44
29        </activity>
30        <activity android:name="com.bc.navweightwatchers.MyActivity" />
30-->src/main/AndroidManifest.xml:28:9-57
30-->src/main/AndroidManifest.xml:28:19-45
31    </application>
32
33</manifest>